\BOOKMARK [1][-]{section.1}{Preliminaries}{}% 1
\BOOKMARK [1][-]{section.2}{Lecture 1}{}% 2
\BOOKMARK [1][-]{section.3}{Lecture 2}{}% 3
\BOOKMARK [1][-]{section.4}{Lecture 3: Floating Point}{}% 4
\BOOKMARK [1][-]{section.5}{Lecture 4}{}% 5
\BOOKMARK [2][-]{subsection.5.1}{Quiz}{section.5}% 6
\BOOKMARK [1][-]{section.6}{Lectures 5 and 6}{}% 7
\BOOKMARK [2][-]{subsection.6.1}{Quiz Lecture 5}{section.6}% 8
\BOOKMARK [2][-]{subsection.6.2}{Quiz for Lecture 6}{section.6}% 9
\BOOKMARK [1][-]{section.7}{Lecture 7}{}% 10
\BOOKMARK [2][-]{subsection.7.1}{Quiz}{section.7}% 11
\BOOKMARK [1][-]{section.8}{Lecture 8}{}% 12
\BOOKMARK [2][-]{subsection.8.1}{Quiz}{section.8}% 13
\BOOKMARK [2][-]{subsection.8.2}{Householder Transformations}{section.8}% 14
\BOOKMARK [1][-]{section.9}{Lecture 9}{}% 15
\BOOKMARK [1][-]{section.10}{Lecture 10}{}% 16
\BOOKMARK [1][-]{section.11}{Lecture 11}{}% 17
\BOOKMARK [1][-]{section.12}{Lecture 12}{}% 18
\BOOKMARK [1][-]{section.13}{Lecture 13}{}% 19
\BOOKMARK [1][-]{section.14}{Lecture 14}{}% 20
\BOOKMARK [1][-]{section.15}{Lecture 15}{}% 21
\BOOKMARK [1][-]{section.16}{Lecture 16}{}% 22
\BOOKMARK [2][-]{subsection.16.1}{Quiz}{section.16}% 23
\BOOKMARK [1][-]{section.17}{Lecture 17}{}% 24
\BOOKMARK [2][-]{subsection.17.1}{Optimization}{section.17}% 25
\BOOKMARK [1][-]{section.18}{Lecture 18}{}% 26
\BOOKMARK [2][-]{subsection.18.1}{Quiz}{section.18}% 27
\BOOKMARK [1][-]{section.19}{Lecture 19}{}% 28
\BOOKMARK [2][-]{subsection.19.1}{Quiz}{section.19}% 29
\BOOKMARK [1][-]{section.20}{Lecture 20}{}% 30
\BOOKMARK [2][-]{subsection.20.1}{Quiz}{section.20}% 31
\BOOKMARK [1][-]{section.21}{Lecture 21}{}% 32
\BOOKMARK [2][-]{subsection.21.1}{Quiz}{section.21}% 33
\BOOKMARK [1][-]{section.22}{Lecture 23}{}% 34
\BOOKMARK [2][-]{subsection.22.1}{Quiz}{section.22}% 35
\BOOKMARK [1][-]{section.23}{Lecture 24}{}% 36
\BOOKMARK [1][-]{section.24}{Lecture 25}{}% 37
\BOOKMARK [1][-]{section.25}{Lecture 26}{}% 38
\BOOKMARK [1][-]{section.26}{Lecture 28}{}% 39
